C:\GNAT_Project\p2_cpc_2025\src\robot_cpc2025.adb:1:04: (style) space required [-gnatyt]
C:\GNAT_Project\p2_cpc_2025\src\robot_cpc2025.adb:2:04: (style) space required [-gnatyt]
C:\GNAT_Project\p2_cpc_2025\src\robot_cpc2025.adb:2:78: (style) this line is too long [-gnatyM]
C:\GNAT_Project\p2_cpc_2025\src\robot_cpc2025.adb:3:04: (style) space required [-gnatyt]
C:\GNAT_Project\p2_cpc_2025\src\robot_cpc2025.adb:4:04: (style) space required [-gnatyt]
C:\GNAT_Project\p2_cpc_2025\src\robot_cpc2025.adb:4:77: (style) this line is too long [-gnatyM]
C:\GNAT_Project\p2_cpc_2025\src\robot_cpc2025.adb:4:95: (style) trailing spaces not permitted [-gnatyb]
C:\GNAT_Project\p2_cpc_2025\src\robot_cpc2025.adb:5:04: (style) space required [-gnatyt]
C:\GNAT_Project\p2_cpc_2025\src\robot_cpc2025.adb:6:04: (style) space required [-gnatyt]
C:\GNAT_Project\p2_cpc_2025\src\robot_cpc2025.adb:7:04: (style) space required [-gnatyt]
C:\GNAT_Project\p2_cpc_2025\src\robot_cpc2025.adb:8:04: (style) space required [-gnatyt]
C:\GNAT_Project\p2_cpc_2025\src\robot_cpc2025.adb:21:04: warning: "Ts" is not modified, could be declared constant [-gnatwk]
C:\GNAT_Project\p2_cpc_2025\src\robot_cpc2025.adb:24:47: warning: variable "v_ref" is assigned but never read [-gnatwm]
C:\GNAT_Project\p2_cpc_2025\src\robot_cpc2025.adb:24:80: (style) this line is too long [-gnatyM]
C:\GNAT_Project\p2_cpc_2025\src\robot_cpc2025.adb:24:86: (style) trailing spaces not permitted [-gnatyb]
C:\GNAT_Project\p2_cpc_2025\src\robot_cpc2025.adb:25:20: (style) space required [-gnatyt]
C:\GNAT_Project\p2_cpc_2025\src\robot_cpc2025.adb:31:65: (style) trailing spaces not permitted [-gnatyb]
C:\GNAT_Project\p2_cpc_2025\src\robot_cpc2025.adb:35:64: (style) trailing spaces not permitted [-gnatyb]
C:\GNAT_Project\p2_cpc_2025\src\robot_cpc2025.adb:41:64: (style) trailing spaces not permitted [-gnatyb]
C:\GNAT_Project\p2_cpc_2025\src\robot_cpc2025.adb:42:07: (style) space required [-gnatyt]
C:\GNAT_Project\p2_cpc_2025\src\robot_cpc2025.adb:44:25: (style) space required [-gnatyt]
C:\GNAT_Project\p2_cpc_2025\src\robot_cpc2025.adb:47:40: (style) trailing spaces not permitted [-gnatyb]
C:\GNAT_Project\p2_cpc_2025\src\robot_cpc2025.adb:49:60: (style) trailing spaces not permitted [-gnatyb]
C:\GNAT_Project\p2_cpc_2025\src\robot_cpc2025.adb:54:63: (style) trailing spaces not permitted [-gnatyb]
C:\GNAT_Project\p2_cpc_2025\src\robot_cpc2025.adb:62:22: (style) trailing spaces not permitted [-gnatyb]
C:\GNAT_Project\p2_cpc_2025\src\robot_cpc2025.adb:72:08: (style) bad indentation [-gnaty0]
C:\GNAT_Project\p2_cpc_2025\src\robot_cpc2025.adb:73:26: (style) space required [-gnatyt]
C:\GNAT_Project\p2_cpc_2025\src\robot_cpc2025.adb:74:26: (style) space required [-gnatyt]
C:\GNAT_Project\p2_cpc_2025\src\robot_cpc2025.adb:76:29: (style) space required [-gnatyt]
C:\GNAT_Project\p2_cpc_2025\src\robot_cpc2025.adb:77:29: (style) space required [-gnatyt]
C:\GNAT_Project\p2_cpc_2025\src\robot_cpc2025.adb:80:29: (style) space required [-gnatyt]
C:\GNAT_Project\p2_cpc_2025\src\robot_cpc2025.adb:81:29: (style) space required [-gnatyt]
C:\GNAT_Project\p2_cpc_2025\src\robot_cpc2025.adb:84:29: (style) space required [-gnatyt]
C:\GNAT_Project\p2_cpc_2025\src\robot_cpc2025.adb:85:29: (style) space required [-gnatyt]
C:\GNAT_Project\p2_cpc_2025\src\robot_cpc2025.adb:88:29: (style) space required [-gnatyt]
C:\GNAT_Project\p2_cpc_2025\src\robot_cpc2025.adb:89:29: (style) space required [-gnatyt]
C:\GNAT_Project\p2_cpc_2025\src\robot_cpc2025.adb:92:29: (style) space required [-gnatyt]
C:\GNAT_Project\p2_cpc_2025\src\robot_cpc2025.adb:93:29: (style) space required [-gnatyt]
C:\GNAT_Project\p2_cpc_2025\src\robot_cpc2025.adb:95:07: (style) "end" in wrong column, should be in column 8 [-gnatyl]
C:\GNAT_Project\p2_cpc_2025\src\robot_cpc2025.adb:106:10: (style) space required [-gnatyt]
C:\GNAT_Project\p2_cpc_2025\src\robot_cpc2025.adb:107:20: (style) "and then" required [-gnatyB]
C:\GNAT_Project\p2_cpc_2025\src\robot_cpc2025.adb:108:22: (style) trailing spaces not permitted [-gnatyb]
C:\GNAT_Project\p2_cpc_2025\src\robot_cpc2025.adb:110:24: (style) space required [-gnatyt]
C:\GNAT_Project\p2_cpc_2025\src\robot_cpc2025.adb:113:10: (style) space required [-gnatyt]
C:\GNAT_Project\p2_cpc_2025\src\robot_cpc2025.adb:116:10: (style) space required [-gnatyt]
C:\GNAT_Project\p2_cpc_2025\src\robot_cpc2025.adb:117:63: (style) space required [-gnatyt]
C:\GNAT_Project\p2_cpc_2025\src\robot_cpc2025.adb:120:10: (style) space required [-gnatyt]
C:\GNAT_Project\p2_cpc_2025\src\robot_cpc2025.adb:121:13: (style) space required [-gnatyt]
C:\GNAT_Project\p2_cpc_2025\src\robot_cpc2025.adb:121:28: (style) "and then" required [-gnatyB]
C:\GNAT_Project\p2_cpc_2025\src\robot_cpc2025.adb:124:31: (style) space required [-gnatyt]
C:\GNAT_Project\p2_cpc_2025\src\robot_cpc2025.adb:127:10: (style) space required [-gnatyt]
C:\GNAT_Project\p2_cpc_2025\src\robot_cpc2025.adb:128:26: (style) space required [-gnatyt]
C:\GNAT_Project\p2_cpc_2025\src\robot_cpc2025.adb:129:26: (style) space required [-gnatyt]
C:\GNAT_Project\p2_cpc_2025\src\robot_cpc2025.adb:134:10: (style) space required [-gnatyt]
C:\GNAT_Project\p2_cpc_2025\src\robot_cpc2025.adb:135:28: (style) space required [-gnatyt]
C:\GNAT_Project\p2_cpc_2025\src\robot_cpc2025.adb:136:28: (style) space required [-gnatyt]
C:\GNAT_Project\p2_cpc_2025\src\robot_cpc2025.adb:139:08: (style) space required [-gnatyt]
C:\GNAT_Project\p2_cpc_2025\src\robot_cpc2025.adb:140:10: (style) space required [-gnatyt]
C:\GNAT_Project\p2_cpc_2025\src\robot_cpc2025.adb:143:15: (style) space required [-gnatyt]
C:\GNAT_Project\p2_cpc_2025\src\robot_cpc2025.adb:144:15: (style) space required [-gnatyt]
C:\GNAT_Project\p2_cpc_2025\src\robot_cpc2025.adb:145:15: (style) space required [-gnatyt]
C:\GNAT_Project\p2_cpc_2025\src\robot_cpc2025.adb:146:15: (style) space required [-gnatyt]
C:\GNAT_Project\p2_cpc_2025\src\robot_cpc2025.adb:147:15: (style) space required [-gnatyt]
