C:\GNAT_Project\p2_cpc_2025\src\robot_ackermann.adb:6:80: (style) this line is too long [-gnatyM]
C:\GNAT_Project\p2_cpc_2025\src\robot_ackermann.adb:12:07: (style) space required [-gnatyt]
C:\GNAT_Project\p2_cpc_2025\src\robot_ackermann.adb:34:07: (style) space required [-gnatyt]
C:\GNAT_Project\p2_cpc_2025\src\robot_ackermann.adb:37:28: (style) bad casing of "Value" declared at robot_ackermann.ads:27 [-gnatyr]
C:\GNAT_Project\p2_cpc_2025\src\robot_ackermann.adb:42:28: (style) bad casing of "Value" declared at robot_ackermann.ads:28 [-gnatyr]
C:\GNAT_Project\p2_cpc_2025\src\robot_ackermann.adb:68:28: (style) "in" should be omitted [-gnatyI]
C:\GNAT_Project\p2_cpc_2025\src\robot_ackermann.adb:79:80: (style) this line is too long [-gnatyM]
C:\GNAT_Project\p2_cpc_2025\src\robot_ackermann.adb:82:10: warning: variable "x_r" is not referenced [-gnatwu]
C:\GNAT_Project\p2_cpc_2025\src\robot_ackermann.adb:83:10: warning: variable "y_r" is not referenced [-gnatwu]
C:\GNAT_Project\p2_cpc_2025\src\robot_ackermann.adb:85:10: warning: "L" is not modified, could be declared constant [-gnatwk]
C:\GNAT_Project\p2_cpc_2025\src\robot_ackermann.adb:86:10: warning: "t0" is not modified, could be declared constant [-gnatwk]
C:\GNAT_Project\p2_cpc_2025\src\robot_ackermann.adb:89:10: warning: "t_step" is not modified, could be declared constant [-gnatwk]
C:\GNAT_Project\p2_cpc_2025\src\robot_ackermann.adb:90:10: warning: "simulation_speed" is not modified, could be declared constant [-gnatwk]
C:\GNAT_Project\p2_cpc_2025\src\robot_ackermann.adb:90:59: (style) bad casing of "simulation_Speed" declared at robot_ackermann.ads:16 [-gnatyr]
C:\GNAT_Project\p2_cpc_2025\src\robot_ackermann.adb:97:16: (style) space required [-gnatyt]
C:\GNAT_Project\p2_cpc_2025\src\robot_ackermann.adb:98:32: (style) space required [-gnatyt]
C:\GNAT_Project\p2_cpc_2025\src\robot_ackermann.adb:100:29: (style) space required [-gnatyt]
C:\GNAT_Project\p2_cpc_2025\src\robot_ackermann.adb:101:29: (style) space required [-gnatyt]
C:\GNAT_Project\p2_cpc_2025\src\Robot_Ackermann.ads:6:07: (style) space required [-gnatyt]
C:\GNAT_Project\p2_cpc_2025\src\Robot_Ackermann.ads:13:80: (style) this line is too long [-gnatyM]
C:\GNAT_Project\p2_cpc_2025\src\Robot_Ackermann.ads:13:82: (style) trailing spaces not permitted [-gnatyb]
C:\GNAT_Project\p2_cpc_2025\src\Robot_Ackermann.ads:19:07: (style) space required [-gnatyt]
C:\GNAT_Project\p2_cpc_2025\src\Robot_Ackermann.ads:20:80: (style) this line is too long [-gnatyM]
C:\GNAT_Project\p2_cpc_2025\src\Robot_Ackermann.ads:22:07: (style) space required [-gnatyt]
C:\GNAT_Project\p2_cpc_2025\src\Robot_Ackermann.ads:23:80: (style) this line is too long [-gnatyM]
C:\GNAT_Project\p2_cpc_2025\src\Robot_Ackermann.ads:24:80: (style) this line is too long [-gnatyM]
C:\GNAT_Project\p2_cpc_2025\src\Robot_Ackermann.ads:25:80: (style) this line is too long [-gnatyM]
C:\GNAT_Project\p2_cpc_2025\src\Robot_Ackermann.ads:26:07: (style) space required [-gnatyt]
C:\GNAT_Project\p2_cpc_2025\src\Robot_Ackermann.ads:27:80: (style) this line is too long [-gnatyM]
C:\GNAT_Project\p2_cpc_2025\src\Robot_Ackermann.ads:28:80: (style) this line is too long [-gnatyM]
C:\GNAT_Project\p2_cpc_2025\src\Robot_Ackermann.ads:29:01: (style) trailing spaces not permitted [-gnatyb]
C:\GNAT_Project\p2_cpc_2025\src\Robot_Ackermann.ads:36:49: (style) "in" should be omitted [-gnatyI]
C:\GNAT_Project\p2_cpc_2025\src\Robot_Ackermann.ads:37:28: (style) "in" should be omitted [-gnatyI]
C:\GNAT_Project\p2_cpc_2025\src\Robot_Ackermann.ads:38:37: (style) "in" should be omitted [-gnatyI]
C:\GNAT_Project\p2_cpc_2025\src\Robot_Ackermann.ads:49:80: (style) this line is too long [-gnatyM]
